<?xml version="1.0" encoding="UTF-8"?>
<!-- Generated by org.testng.reporters.JUnitXMLReporter -->
<testsuite ignored="4" hostname="DESKTOP-I3BGM4H" failures="0" tests="15" name="Test(failed)" time="122.11" errors="0" timestamp="2024-01-09T00:30:46 IST">
  <testcase classname="opencart.com.testcases.RegisterPageTest" name="@BeforeMethod Setup" time="0.059">
    <failure type="java.lang.NullPointerException" message="Cannot invoke &amp;quot;java.util.Properties.getProperty(String)&amp;quot; because &amp;quot;this.prop&amp;quot; is null">
      <![CDATA[java.lang.NullPointerException: Cannot invoke "java.util.Properties.getProperty(String)" because "this.prop" is null
at opencart.com.base.BaseClass.launchApp(BaseClass.java:48)
at opencart.com.testcases.RegisterPageTest.Setup(RegisterPageTest.java:21)
at java.base/java.util.ArrayList.forEach(ArrayList.java:1511)
... Removed 31 stack frames]]>
    </failure>
  </testcase> <!-- @BeforeMethod Setup -->
  <testcase classname="opencart.com.testcases.RegisterPageTest" name="@AfterMethod tearDown" time="0.0">
    <skipped/>
  </testcase> <!-- @AfterMethod tearDown -->
  <testcase classname="opencart.com.testcases.RegisterPageTest" name="@BeforeMethod Setup" time="0.0">
    <skipped/>
  </testcase> <!-- @BeforeMethod Setup -->
  <testcase classname="opencart.com.testcases.RegisterPageTest" name="@AfterMethod tearDown" time="0.0">
    <skipped/>
  </testcase> <!-- @AfterMethod tearDown -->
  <testcase classname="opencart.com.testcases.LoginpageTest" name="@BeforeMethod Setup" time="0.021">
    <failure type="java.lang.NullPointerException" message="Cannot invoke &amp;quot;java.util.Properties.getProperty(String)&amp;quot; because &amp;quot;this.prop&amp;quot; is null">
      <![CDATA[java.lang.NullPointerException: Cannot invoke "java.util.Properties.getProperty(String)" because "this.prop" is null
at opencart.com.base.BaseClass.launchApp(BaseClass.java:48)
at opencart.com.testcases.LoginpageTest.Setup(LoginpageTest.java:21)
at java.base/java.util.ArrayList.forEach(ArrayList.java:1511)
... Removed 31 stack frames]]>
    </failure>
  </testcase> <!-- @BeforeMethod Setup -->
  <testcase classname="opencart.com.testcases.LoginpageTest" name="@AfterMethod tearDown" time="0.0">
    <skipped/>
  </testcase> <!-- @AfterMethod tearDown -->
  <testcase classname="opencart.com.testcases.LoginpageTest" name="@BeforeMethod Setup" time="0.0">
    <skipped/>
  </testcase> <!-- @BeforeMethod Setup -->
  <testcase classname="opencart.com.testcases.LoginpageTest" name="@AfterMethod tearDown" time="0.0">
    <skipped/>
  </testcase> <!-- @AfterMethod tearDown -->
  <testcase classname="opencart.com.testcases.SearchPageTest" name="getProductNameTest" time="0.224"/>
  <testcase classname="opencart.com.testcases.SearchPageTest" name="getProductPriceTest" time="0.138"/>
  <testcase classname="opencart.com.testcases.SearchPageTest" name="serachProductByCategoriesAndSortTest" time="7.176"/>
  <testcase classname="opencart.com.testcases.SearchPageTest" name="validSerachProductTest" time="1.47"/>
  <testcase classname="opencart.com.testcases.SearchPageTest" name="InvalidSerachProductTest" time="1.056"/>
  <testcase classname="opencart.com.testcases.SearchPageTest" name="emptySerachProductTest" time="1.26"/>
  <testcase classname="opencart.com.testcases.SearchPageTest" name="searchAfterLogin" time="4.903"/>
  <testcase classname="opencart.com.testcases.SearchPageTest" name="serachProductBySearchCriteriaTest" time="5.313"/>
  <testcase classname="opencart.com.testcases.SearchPageTest" name="searchUsingTextFrmProductDescriptionTest" time="6.03"/>
  <testcase classname="opencart.com.testcases.SearchPageTest" name="serachProductByCategoriesTest" time="5.428"/>
  <testcase classname="opencart.com.testcases.SearchPageTest" name="valiadtelistAndgridviewTest" time="8.481"/>
  <testcase classname="opencart.com.testcases.RegisterPageTest" name="ResisterAccountTest" time="0.0">
    <skipped/>
  </testcase> <!-- ResisterAccountTest -->
  <testcase classname="opencart.com.testcases.RegisterPageTest" name="ResisterAccountTest" time="0.0">
    <skipped/>
  </testcase> <!-- ResisterAccountTest -->
  <testcase classname="opencart.com.testcases.LoginpageTest" name="LoginTest" time="0.0">
    <skipped/>
  </testcase> <!-- LoginTest -->
  <testcase classname="opencart.com.testcases.LoginpageTest" name="LoginTest" time="0.001">
    <skipped/>
  </testcase> <!-- LoginTest -->
  <testcase classname="opencart.com.base.BaseClass" name="@AfterSuite afterSuite" time="0.0">
    <ignored/>
  </testcase> <!-- @AfterSuite afterSuite -->
  <testcase classname="opencart.com.base.BaseClass" name="@BeforeSuite loadConfig" time="0.0">
    <ignored/>
  </testcase> <!-- @BeforeSuite loadConfig -->
  <testcase classname="opencart.com.base.BaseClass" name="@AfterSuite afterSuite" time="0.0">
    <ignored/>
  </testcase> <!-- @AfterSuite afterSuite -->
  <testcase classname="opencart.com.base.BaseClass" name="@BeforeSuite loadConfig" time="0.0">
    <ignored/>
  </testcase> <!-- @BeforeSuite loadConfig -->
</testsuite> <!-- Test(failed) -->
