<?xml version="1.0" encoding="UTF-8"?>
<!-- Generated by org.testng.reporters.JUnitXMLReporter -->
<testsuite ignored="10" hostname="DESKTOP-I3BGM4H" failures="0" tests="20" name="Test" time="17.922" errors="0" timestamp="2024-01-19T15:27:27 IST">
  <testcase classname="opencart.com.testcases.TC_002_LoginpageDDTTest" name="@BeforeMethod Setup" time="1.06">
    <failure type="java.lang.NullPointerException" message="Cannot invoke &amp;quot;java.util.Properties.getProperty(String)&amp;quot; because &amp;quot;this.prop&amp;quot; is null">
      <![CDATA[java.lang.NullPointerException: Cannot invoke "java.util.Properties.getProperty(String)" because "this.prop" is null
at opencart.com.base.BaseClass.launchApp(BaseClass.java:49)
at opencart.com.testcases.TC_002_LoginpageDDTTest.Setup(TC_002_LoginpageDDTTest.java:21)
at java.base/java.util.concurrent.ThreadPoolExecutor.runWorker(ThreadPoolExecutor.java:1136)
at java.base/java.util.concurrent.ThreadPoolExecutor$Worker.run(ThreadPoolExecutor.java:635)
at java.base/java.lang.Thread.run(Thread.java:833)
... Removed 16 stack frames]]>
    </failure>
  </testcase> <!-- @BeforeMethod Setup -->
  <testcase classname="opencart.com.testcases.TC_002_LoginpageDDTTest" name="@AfterMethod tearDown" time="0.0">
    <skipped/>
  </testcase> <!-- @AfterMethod tearDown -->
  <testcase classname="opencart.com.testcases.TC_002_LoginpageDDTTest" name="@BeforeMethod Setup" time="0.0">
    <skipped/>
  </testcase> <!-- @BeforeMethod Setup -->
  <testcase classname="opencart.com.testcases.TC_002_LoginpageDDTTest" name="@AfterMethod tearDown" time="0.0">
    <skipped/>
  </testcase> <!-- @AfterMethod tearDown -->
  <testcase classname="opencart.com.testcases.TC_003_RegisterPageTest" name="@BeforeMethod Setup" time="0.067">
    <failure type="java.lang.NullPointerException" message="Cannot invoke &amp;quot;java.util.Properties.getProperty(String)&amp;quot; because &amp;quot;this.prop&amp;quot; is null">
      <![CDATA[java.lang.NullPointerException: Cannot invoke "java.util.Properties.getProperty(String)" because "this.prop" is null
at opencart.com.base.BaseClass.launchApp(BaseClass.java:49)
at opencart.com.testcases.TC_003_RegisterPageTest.Setup(TC_003_RegisterPageTest.java:21)
at java.base/java.util.concurrent.ThreadPoolExecutor.runWorker(ThreadPoolExecutor.java:1136)
at java.base/java.util.concurrent.ThreadPoolExecutor$Worker.run(ThreadPoolExecutor.java:635)
at java.base/java.lang.Thread.run(Thread.java:833)
... Removed 16 stack frames]]>
    </failure>
  </testcase> <!-- @BeforeMethod Setup -->
  <testcase classname="opencart.com.testcases.TC_003_RegisterPageTest" name="@AfterMethod tearDown" time="0.0">
    <skipped/>
  </testcase> <!-- @AfterMethod tearDown -->
  <testcase classname="opencart.com.testcases.TC_003_RegisterPageTest" name="@BeforeMethod Setup" time="0.0">
    <skipped/>
  </testcase> <!-- @BeforeMethod Setup -->
  <testcase classname="opencart.com.testcases.TC_003_RegisterPageTest" name="@AfterMethod tearDown" time="0.0">
    <skipped/>
  </testcase> <!-- @AfterMethod tearDown -->
  <testcase classname="opencart.com.testcases.TC_005_SearchPageTest" name="@BeforeMethod Setup" time="0.058">
    <failure type="java.lang.NullPointerException" message="Cannot invoke &amp;quot;java.util.Properties.getProperty(String)&amp;quot; because &amp;quot;this.prop&amp;quot; is null">
      <![CDATA[java.lang.NullPointerException: Cannot invoke "java.util.Properties.getProperty(String)" because "this.prop" is null
at opencart.com.base.BaseClass.launchApp(BaseClass.java:49)
at opencart.com.testcases.TC_005_SearchPageTest.Setup(TC_005_SearchPageTest.java:25)
at java.base/java.util.concurrent.ThreadPoolExecutor.runWorker(ThreadPoolExecutor.java:1136)
at java.base/java.util.concurrent.ThreadPoolExecutor$Worker.run(ThreadPoolExecutor.java:635)
at java.base/java.lang.Thread.run(Thread.java:833)
... Removed 16 stack frames]]>
    </failure>
  </testcase> <!-- @BeforeMethod Setup -->
  <testcase classname="opencart.com.testcases.TC_005_SearchPageTest" name="@AfterMethod tearDown" time="0.0">
    <skipped/>
  </testcase> <!-- @AfterMethod tearDown -->
  <testcase classname="opencart.com.testcases.TC_005_SearchPageTest" name="@BeforeMethod Setup" time="0.0">
    <skipped/>
  </testcase> <!-- @BeforeMethod Setup -->
  <testcase classname="opencart.com.testcases.TC_005_SearchPageTest" name="@AfterMethod tearDown" time="0.0">
    <skipped/>
  </testcase> <!-- @AfterMethod tearDown -->
  <testcase classname="opencart.com.testcases.TC_005_SearchPageTest" name="@BeforeMethod Setup" time="0.0">
    <skipped/>
  </testcase> <!-- @BeforeMethod Setup -->
  <testcase classname="opencart.com.testcases.TC_005_SearchPageTest" name="@AfterMethod tearDown" time="0.0">
    <skipped/>
  </testcase> <!-- @AfterMethod tearDown -->
  <testcase classname="opencart.com.testcases.TC_004_AccountRegistrationTest" name="@BeforeMethod Setup" time="0.057">
    <failure type="java.lang.NullPointerException" message="Cannot invoke &amp;quot;java.util.Properties.getProperty(String)&amp;quot; because &amp;quot;this.prop&amp;quot; is null">
      <![CDATA[java.lang.NullPointerException: Cannot invoke "java.util.Properties.getProperty(String)" because "this.prop" is null
at opencart.com.base.BaseClass.launchApp(BaseClass.java:49)
at opencart.com.testcases.TC_004_AccountRegistrationTest.Setup(TC_004_AccountRegistrationTest.java:20)
at java.base/java.util.concurrent.ThreadPoolExecutor.runWorker(ThreadPoolExecutor.java:1136)
at java.base/java.util.concurrent.ThreadPoolExecutor$Worker.run(ThreadPoolExecutor.java:635)
at java.base/java.lang.Thread.run(Thread.java:833)
... Removed 16 stack frames]]>
    </failure>
  </testcase> <!-- @BeforeMethod Setup -->
  <testcase classname="opencart.com.testcases.TC_004_AccountRegistrationTest" name="@AfterMethod tearDown" time="0.0">
    <skipped/>
  </testcase> <!-- @AfterMethod tearDown -->
  <testcase classname="opencart.com.testcases.TC_005_SearchPageTest" name="@BeforeMethod Setup" time="0.0">
    <skipped/>
  </testcase> <!-- @BeforeMethod Setup -->
  <testcase classname="opencart.com.testcases.TC_005_SearchPageTest" name="@AfterMethod tearDown" time="0.0">
    <skipped/>
  </testcase> <!-- @AfterMethod tearDown -->
  <testcase classname="opencart.com.testcases.TC_001_IndexPageTest" name="@BeforeMethod Setup" time="0.037">
    <failure type="java.lang.NullPointerException" message="Cannot invoke &amp;quot;java.util.Properties.getProperty(String)&amp;quot; because &amp;quot;this.prop&amp;quot; is null">
      <![CDATA[java.lang.NullPointerException: Cannot invoke "java.util.Properties.getProperty(String)" because "this.prop" is null
at opencart.com.base.BaseClass.launchApp(BaseClass.java:49)
at opencart.com.testcases.TC_001_IndexPageTest.Setup(TC_001_IndexPageTest.java:26)
at java.base/java.util.concurrent.ThreadPoolExecutor.runWorker(ThreadPoolExecutor.java:1136)
at java.base/java.util.concurrent.ThreadPoolExecutor$Worker.run(ThreadPoolExecutor.java:635)
at java.base/java.lang.Thread.run(Thread.java:833)
... Removed 16 stack frames]]>
    </failure>
  </testcase> <!-- @BeforeMethod Setup -->
  <testcase classname="opencart.com.testcases.TC_001_IndexPageTest" name="@AfterMethod tearDown" time="0.0">
    <skipped/>
  </testcase> <!-- @AfterMethod tearDown -->
  <testcase classname="opencart.com.testcases.TC_005_SearchPageTest" name="@BeforeMethod Setup" time="0.0">
    <skipped/>
  </testcase> <!-- @BeforeMethod Setup -->
  <testcase classname="opencart.com.testcases.TC_005_SearchPageTest" name="@AfterMethod tearDown" time="0.0">
    <skipped/>
  </testcase> <!-- @AfterMethod tearDown -->
  <testcase classname="opencart.com.testcases.TC_001_IndexPageTest" name="@BeforeMethod Setup" time="0.0">
    <skipped/>
  </testcase> <!-- @BeforeMethod Setup -->
  <testcase classname="opencart.com.testcases.TC_001_IndexPageTest" name="@AfterMethod tearDown" time="0.0">
    <skipped/>
  </testcase> <!-- @AfterMethod tearDown -->
  <testcase classname="opencart.com.testcases.TC_005_SearchPageTest" name="@BeforeMethod Setup" time="0.0">
    <skipped/>
  </testcase> <!-- @BeforeMethod Setup -->
  <testcase classname="opencart.com.testcases.TC_005_SearchPageTest" name="@AfterMethod tearDown" time="0.0">
    <skipped/>
  </testcase> <!-- @AfterMethod tearDown -->
  <testcase classname="opencart.com.testcases.TC_001_IndexPageTest" name="@BeforeMethod Setup" time="0.0">
    <skipped/>
  </testcase> <!-- @BeforeMethod Setup -->
  <testcase classname="opencart.com.testcases.TC_001_IndexPageTest" name="@AfterMethod tearDown" time="0.0">
    <skipped/>
  </testcase> <!-- @AfterMethod tearDown -->
  <testcase classname="opencart.com.testcases.TC_005_SearchPageTest" name="@BeforeMethod Setup" time="0.0">
    <skipped/>
  </testcase> <!-- @BeforeMethod Setup -->
  <testcase classname="opencart.com.testcases.TC_005_SearchPageTest" name="@AfterMethod tearDown" time="0.0">
    <skipped/>
  </testcase> <!-- @AfterMethod tearDown -->
  <testcase classname="opencart.com.testcases.TC_005_SearchPageTest" name="@BeforeMethod Setup" time="0.0">
    <skipped/>
  </testcase> <!-- @BeforeMethod Setup -->
  <testcase classname="opencart.com.testcases.TC_005_SearchPageTest" name="@AfterMethod tearDown" time="0.0">
    <skipped/>
  </testcase> <!-- @AfterMethod tearDown -->
  <testcase classname="opencart.com.testcases.TC_005_SearchPageTest" name="@BeforeMethod Setup" time="0.0">
    <skipped/>
  </testcase> <!-- @BeforeMethod Setup -->
  <testcase classname="opencart.com.testcases.TC_005_SearchPageTest" name="@AfterMethod tearDown" time="0.0">
    <skipped/>
  </testcase> <!-- @AfterMethod tearDown -->
  <testcase classname="opencart.com.testcases.TC_005_SearchPageTest" name="@BeforeMethod Setup" time="0.0">
    <skipped/>
  </testcase> <!-- @BeforeMethod Setup -->
  <testcase classname="opencart.com.testcases.TC_005_SearchPageTest" name="@AfterMethod tearDown" time="0.0">
    <skipped/>
  </testcase> <!-- @AfterMethod tearDown -->
  <testcase classname="opencart.com.testcases.TC_005_SearchPageTest" name="@BeforeMethod Setup" time="0.0">
    <skipped/>
  </testcase> <!-- @BeforeMethod Setup -->
  <testcase classname="opencart.com.testcases.TC_005_SearchPageTest" name="@AfterMethod tearDown" time="0.0">
    <skipped/>
  </testcase> <!-- @AfterMethod tearDown -->
  <testcase classname="opencart.com.testcases.TC_002_LoginpageDDTTest" name="LoginTest" time="0.001">
    <skipped/>
  </testcase> <!-- LoginTest -->
  <testcase classname="opencart.com.testcases.TC_002_LoginpageDDTTest" name="LoginTest" time="0.0">
    <skipped/>
  </testcase> <!-- LoginTest -->
  <testcase classname="opencart.com.testcases.TC_003_RegisterPageTest" name="ResisterAccountTest" time="0.0">
    <skipped/>
  </testcase> <!-- ResisterAccountTest -->
  <testcase classname="opencart.com.testcases.TC_003_RegisterPageTest" name="ResisterAccountTest" time="0.0">
    <skipped/>
  </testcase> <!-- ResisterAccountTest -->
  <testcase classname="opencart.com.testcases.TC_005_SearchPageTest" name="getProductNameTest" time="0.0">
    <skipped/>
  </testcase> <!-- getProductNameTest -->
  <testcase classname="opencart.com.testcases.TC_005_SearchPageTest" name="getProductPriceTest" time="0.0">
    <skipped/>
  </testcase> <!-- getProductPriceTest -->
  <testcase classname="opencart.com.testcases.TC_005_SearchPageTest" name="serachProductByCategoriesAndSortTest" time="0.0">
    <skipped/>
  </testcase> <!-- serachProductByCategoriesAndSortTest -->
  <testcase classname="opencart.com.testcases.TC_004_AccountRegistrationTest" name="verify_account_registration" time="0.0">
    <skipped/>
  </testcase> <!-- verify_account_registration -->
  <testcase classname="opencart.com.testcases.TC_002_LoginTest" name="verify_login" time="4.701"/>
  <testcase classname="opencart.com.testcases.TC_005_SearchPageTest" name="validSerachProductTest" time="0.0">
    <skipped/>
  </testcase> <!-- validSerachProductTest -->
  <testcase classname="opencart.com.testcases.TC_001_IndexPageTest" name="validatelogoTest" time="0.001">
    <skipped/>
  </testcase> <!-- validatelogoTest -->
  <testcase classname="opencart.com.testcases.TC_005_SearchPageTest" name="InvalidSerachProductTest" time="0.0">
    <skipped/>
  </testcase> <!-- InvalidSerachProductTest -->
  <testcase classname="opencart.com.testcases.TC_001_IndexPageTest" name="validateIndexElementPresent" time="0.001">
    <skipped/>
  </testcase> <!-- validateIndexElementPresent -->
  <testcase classname="opencart.com.testcases.TC_005_SearchPageTest" name="emptySerachProductTest" time="0.0">
    <skipped/>
  </testcase> <!-- emptySerachProductTest -->
  <testcase classname="opencart.com.testcases.TC_001_IndexPageTest" name="validateIndexElementsListTest" time="0.001">
    <skipped/>
  </testcase> <!-- validateIndexElementsListTest -->
  <testcase classname="opencart.com.testcases.TC_005_SearchPageTest" name="searchAfterLogin" time="0.001">
    <skipped/>
  </testcase> <!-- searchAfterLogin -->
  <testcase classname="opencart.com.testcases.TC_005_SearchPageTest" name="serachProductBySearchCriteriaTest" time="0.0">
    <skipped/>
  </testcase> <!-- serachProductBySearchCriteriaTest -->
  <testcase classname="opencart.com.testcases.TC_005_SearchPageTest" name="searchUsingTextFrmProductDescriptionTest" time="0.0">
    <skipped/>
  </testcase> <!-- searchUsingTextFrmProductDescriptionTest -->
  <testcase classname="opencart.com.testcases.TC_005_SearchPageTest" name="serachProductByCategoriesTest" time="0.0">
    <skipped/>
  </testcase> <!-- serachProductByCategoriesTest -->
  <testcase classname="opencart.com.testcases.TC_005_SearchPageTest" name="valiadtelistAndgridviewTest" time="0.001">
    <skipped/>
  </testcase> <!-- valiadtelistAndgridviewTest -->
  <testcase classname="opencart.com.base.BaseClass" name="@BeforeSuite loadConfig" time="0.0">
    <ignored/>
  </testcase> <!-- @BeforeSuite loadConfig -->
  <testcase classname="opencart.com.base.BaseClass" name="@BeforeSuite loadConfig" time="0.0">
    <ignored/>
  </testcase> <!-- @BeforeSuite loadConfig -->
  <testcase classname="opencart.com.base.BaseClass" name="@AfterSuite afterSuite" time="0.0">
    <ignored/>
  </testcase> <!-- @AfterSuite afterSuite -->
  <testcase classname="opencart.com.base.BaseClass" name="@BeforeSuite loadConfig" time="0.0">
    <ignored/>
  </testcase> <!-- @BeforeSuite loadConfig -->
  <testcase classname="opencart.com.base.BaseClass" name="@AfterSuite afterSuite" time="0.0">
    <ignored/>
  </testcase> <!-- @AfterSuite afterSuite -->
  <testcase classname="opencart.com.base.BaseClass" name="@AfterSuite afterSuite" time="0.0">
    <ignored/>
  </testcase> <!-- @AfterSuite afterSuite -->
  <testcase classname="opencart.com.base.BaseClass" name="@BeforeSuite loadConfig" time="0.0">
    <ignored/>
  </testcase> <!-- @BeforeSuite loadConfig -->
  <testcase classname="opencart.com.base.BaseClass" name="@AfterSuite afterSuite" time="0.0">
    <ignored/>
  </testcase> <!-- @AfterSuite afterSuite -->
  <testcase classname="opencart.com.base.BaseClass" name="@BeforeSuite loadConfig" time="0.0">
    <ignored/>
  </testcase> <!-- @BeforeSuite loadConfig -->
  <testcase classname="opencart.com.base.BaseClass" name="@AfterSuite afterSuite" time="0.0">
    <ignored/>
  </testcase> <!-- @AfterSuite afterSuite -->
</testsuite> <!-- Test -->
