<?xml version="1.0" encoding="UTF-8"?>
<!-- Generated by org.testng.reporters.JUnitXMLReporter -->
<testsuite ignored="6" hostname="DESKTOP-I3BGM4H" failures="0" tests="18" name="Test" time="21.834" errors="0" timestamp="2024-01-09T00:23:40 IST">
  <testcase classname="opencart.com.testcases.LoginpageTest" name="@BeforeMethod Setup" time="0.038">
    <failure type="java.lang.NullPointerException" message="Cannot invoke &amp;quot;java.util.Properties.getProperty(String)&amp;quot; because &amp;quot;this.prop&amp;quot; is null">
      <![CDATA[java.lang.NullPointerException: Cannot invoke "java.util.Properties.getProperty(String)" because "this.prop" is null
at opencart.com.base.BaseClass.launchApp(BaseClass.java:48)
at opencart.com.testcases.LoginpageTest.Setup(LoginpageTest.java:21)
at java.base/java.util.ArrayList.forEach(ArrayList.java:1511)
... Removed 31 stack frames]]>
    </failure>
  </testcase> <!-- @BeforeMethod Setup -->
  <testcase classname="opencart.com.testcases.LoginpageTest" name="@AfterMethod tearDown" time="0.0">
    <skipped/>
  </testcase> <!-- @AfterMethod tearDown -->
  <testcase classname="opencart.com.testcases.LoginpageTest" name="@BeforeMethod Setup" time="0.0">
    <skipped/>
  </testcase> <!-- @BeforeMethod Setup -->
  <testcase classname="opencart.com.testcases.LoginpageTest" name="@AfterMethod tearDown" time="0.0">
    <skipped/>
  </testcase> <!-- @AfterMethod tearDown -->
  <testcase classname="opencart.com.testcases.RegisterPageTest" name="@BeforeMethod Setup" time="0.028">
    <failure type="java.lang.NullPointerException" message="Cannot invoke &amp;quot;java.util.Properties.getProperty(String)&amp;quot; because &amp;quot;this.prop&amp;quot; is null">
      <![CDATA[java.lang.NullPointerException: Cannot invoke "java.util.Properties.getProperty(String)" because "this.prop" is null
at opencart.com.base.BaseClass.launchApp(BaseClass.java:48)
at opencart.com.testcases.RegisterPageTest.Setup(RegisterPageTest.java:21)
at java.base/java.util.ArrayList.forEach(ArrayList.java:1511)
... Removed 31 stack frames]]>
    </failure>
  </testcase> <!-- @BeforeMethod Setup -->
  <testcase classname="opencart.com.testcases.RegisterPageTest" name="@AfterMethod tearDown" time="0.0">
    <skipped/>
  </testcase> <!-- @AfterMethod tearDown -->
  <testcase classname="opencart.com.testcases.RegisterPageTest" name="@BeforeMethod Setup" time="0.0">
    <skipped/>
  </testcase> <!-- @BeforeMethod Setup -->
  <testcase classname="opencart.com.testcases.RegisterPageTest" name="@AfterMethod tearDown" time="0.0">
    <skipped/>
  </testcase> <!-- @AfterMethod tearDown -->
  <testcase classname="opencart.com.testcases.SearchPageTest" name="@BeforeMethod Setup" time="0.036">
    <failure type="java.lang.NullPointerException" message="Cannot invoke &amp;quot;java.util.Properties.getProperty(String)&amp;quot; because &amp;quot;this.prop&amp;quot; is null">
      <![CDATA[java.lang.NullPointerException: Cannot invoke "java.util.Properties.getProperty(String)" because "this.prop" is null
at opencart.com.base.BaseClass.launchApp(BaseClass.java:48)
at opencart.com.testcases.SearchPageTest.Setup(SearchPageTest.java:25)
at java.base/java.util.ArrayList.forEach(ArrayList.java:1511)
... Removed 31 stack frames]]>
    </failure>
  </testcase> <!-- @BeforeMethod Setup -->
  <testcase classname="opencart.com.testcases.SearchPageTest" name="@AfterMethod tearDown" time="0.0">
    <skipped/>
  </testcase> <!-- @AfterMethod tearDown -->
  <testcase classname="opencart.com.testcases.SearchPageTest" name="@BeforeMethod Setup" time="0.0">
    <skipped/>
  </testcase> <!-- @BeforeMethod Setup -->
  <testcase classname="opencart.com.testcases.SearchPageTest" name="@AfterMethod tearDown" time="0.0">
    <skipped/>
  </testcase> <!-- @AfterMethod tearDown -->
  <testcase classname="opencart.com.testcases.SearchPageTest" name="@BeforeMethod Setup" time="0.0">
    <skipped/>
  </testcase> <!-- @BeforeMethod Setup -->
  <testcase classname="opencart.com.testcases.SearchPageTest" name="@AfterMethod tearDown" time="0.0">
    <skipped/>
  </testcase> <!-- @AfterMethod tearDown -->
  <testcase classname="opencart.com.testcases.SearchPageTest" name="@BeforeMethod Setup" time="0.0">
    <skipped/>
  </testcase> <!-- @BeforeMethod Setup -->
  <testcase classname="opencart.com.testcases.SearchPageTest" name="@AfterMethod tearDown" time="0.0">
    <skipped/>
  </testcase> <!-- @AfterMethod tearDown -->
  <testcase classname="opencart.com.testcases.SearchPageTest" name="@BeforeMethod Setup" time="0.0">
    <skipped/>
  </testcase> <!-- @BeforeMethod Setup -->
  <testcase classname="opencart.com.testcases.SearchPageTest" name="@AfterMethod tearDown" time="0.0">
    <skipped/>
  </testcase> <!-- @AfterMethod tearDown -->
  <testcase classname="opencart.com.testcases.SearchPageTest" name="@BeforeMethod Setup" time="0.0">
    <skipped/>
  </testcase> <!-- @BeforeMethod Setup -->
  <testcase classname="opencart.com.testcases.SearchPageTest" name="@AfterMethod tearDown" time="0.0">
    <skipped/>
  </testcase> <!-- @AfterMethod tearDown -->
  <testcase classname="opencart.com.testcases.SearchPageTest" name="@BeforeMethod Setup" time="0.0">
    <skipped/>
  </testcase> <!-- @BeforeMethod Setup -->
  <testcase classname="opencart.com.testcases.SearchPageTest" name="@AfterMethod tearDown" time="0.0">
    <skipped/>
  </testcase> <!-- @AfterMethod tearDown -->
  <testcase classname="opencart.com.testcases.SearchPageTest" name="@BeforeMethod Setup" time="0.0">
    <skipped/>
  </testcase> <!-- @BeforeMethod Setup -->
  <testcase classname="opencart.com.testcases.SearchPageTest" name="@AfterMethod tearDown" time="0.0">
    <skipped/>
  </testcase> <!-- @AfterMethod tearDown -->
  <testcase classname="opencart.com.testcases.SearchPageTest" name="@BeforeMethod Setup" time="0.0">
    <skipped/>
  </testcase> <!-- @BeforeMethod Setup -->
  <testcase classname="opencart.com.testcases.SearchPageTest" name="@AfterMethod tearDown" time="0.0">
    <skipped/>
  </testcase> <!-- @AfterMethod tearDown -->
  <testcase classname="opencart.com.testcases.SearchPageTest" name="@BeforeMethod Setup" time="0.0">
    <skipped/>
  </testcase> <!-- @BeforeMethod Setup -->
  <testcase classname="opencart.com.testcases.SearchPageTest" name="@AfterMethod tearDown" time="0.0">
    <skipped/>
  </testcase> <!-- @AfterMethod tearDown -->
  <testcase classname="opencart.com.testcases.SearchPageTest" name="@BeforeMethod Setup" time="0.0">
    <skipped/>
  </testcase> <!-- @BeforeMethod Setup -->
  <testcase classname="opencart.com.testcases.SearchPageTest" name="@AfterMethod tearDown" time="0.0">
    <skipped/>
  </testcase> <!-- @AfterMethod tearDown -->
  <testcase classname="opencart.com.testcases.IndexPageTest" name="validatelogoTest" time="0.271"/>
  <testcase classname="opencart.com.testcases.IndexPageTest" name="validateIndexElementPresent" time="0.08"/>
  <testcase classname="opencart.com.testcases.IndexPageTest" name="validateIndexElementsListTest" time="0.144"/>
  <testcase classname="opencart.com.testcases.LoginpageTest" name="LoginTest" time="0.0">
    <skipped/>
  </testcase> <!-- LoginTest -->
  <testcase classname="opencart.com.testcases.LoginpageTest" name="LoginTest" time="0.0">
    <skipped/>
  </testcase> <!-- LoginTest -->
  <testcase classname="opencart.com.testcases.RegisterPageTest" name="ResisterAccountTest" time="0.0">
    <skipped/>
  </testcase> <!-- ResisterAccountTest -->
  <testcase classname="opencart.com.testcases.RegisterPageTest" name="ResisterAccountTest" time="0.0">
    <skipped/>
  </testcase> <!-- ResisterAccountTest -->
  <testcase classname="opencart.com.testcases.SearchPageTest" name="getProductNameTest" time="0.0">
    <skipped/>
  </testcase> <!-- getProductNameTest -->
  <testcase classname="opencart.com.testcases.SearchPageTest" name="getProductPriceTest" time="0.0">
    <skipped/>
  </testcase> <!-- getProductPriceTest -->
  <testcase classname="opencart.com.testcases.SearchPageTest" name="serachProductByCategoriesAndSortTest" time="0.0">
    <skipped/>
  </testcase> <!-- serachProductByCategoriesAndSortTest -->
  <testcase classname="opencart.com.testcases.SearchPageTest" name="validSerachProductTest" time="0.0">
    <skipped/>
  </testcase> <!-- validSerachProductTest -->
  <testcase classname="opencart.com.testcases.SearchPageTest" name="InvalidSerachProductTest" time="0.0">
    <skipped/>
  </testcase> <!-- InvalidSerachProductTest -->
  <testcase classname="opencart.com.testcases.SearchPageTest" name="emptySerachProductTest" time="0.0">
    <skipped/>
  </testcase> <!-- emptySerachProductTest -->
  <testcase classname="opencart.com.testcases.SearchPageTest" name="searchAfterLogin" time="0.0">
    <skipped/>
  </testcase> <!-- searchAfterLogin -->
  <testcase classname="opencart.com.testcases.SearchPageTest" name="serachProductBySearchCriteriaTest" time="0.0">
    <skipped/>
  </testcase> <!-- serachProductBySearchCriteriaTest -->
  <testcase classname="opencart.com.testcases.SearchPageTest" name="searchUsingTextFrmProductDescriptionTest" time="0.001">
    <skipped/>
  </testcase> <!-- searchUsingTextFrmProductDescriptionTest -->
  <testcase classname="opencart.com.testcases.SearchPageTest" name="serachProductByCategoriesTest" time="0.001">
    <skipped/>
  </testcase> <!-- serachProductByCategoriesTest -->
  <testcase classname="opencart.com.testcases.SearchPageTest" name="valiadtelistAndgridviewTest" time="0.0">
    <skipped/>
  </testcase> <!-- valiadtelistAndgridviewTest -->
  <testcase classname="opencart.com.base.BaseClass" name="@AfterSuite afterSuite" time="0.0">
    <ignored/>
  </testcase> <!-- @AfterSuite afterSuite -->
  <testcase classname="opencart.com.base.BaseClass" name="@AfterSuite afterSuite" time="0.0">
    <ignored/>
  </testcase> <!-- @AfterSuite afterSuite -->
  <testcase classname="opencart.com.base.BaseClass" name="@BeforeSuite loadConfig" time="0.0">
    <ignored/>
  </testcase> <!-- @BeforeSuite loadConfig -->
  <testcase classname="opencart.com.base.BaseClass" name="@BeforeSuite loadConfig" time="0.0">
    <ignored/>
  </testcase> <!-- @BeforeSuite loadConfig -->
  <testcase classname="opencart.com.base.BaseClass" name="@BeforeSuite loadConfig" time="0.0">
    <ignored/>
  </testcase> <!-- @BeforeSuite loadConfig -->
  <testcase classname="opencart.com.base.BaseClass" name="@AfterSuite afterSuite" time="0.0">
    <ignored/>
  </testcase> <!-- @AfterSuite afterSuite -->
</testsuite> <!-- Test -->
